
Showing logs for build [32mcb-kubecd-environment-pr-197-9-nnd6v-1[0m stage [32mfrom-build-pack[0m and container [32mstep-credential-initializer-vspr8[0m
{"level":"warn","ts":1586294910.2000625,"logger":"fallback-logger","caller":"logging/config.go:69","msg":"Fetch GitHub commit ID from kodata failed: \"ref: refs/heads/0.8.0-**-support-backwards-incompats\" is not a valid GitHub commit ID"}
{"level":"info","ts":1586294910.202395,"logger":"fallback-logger","caller":"creds-init/main.go:40","msg":"Credentials initialized."}

Showing logs for build [32mcb-kubecd-environment-pr-197-9-nnd6v-1[0m stage [32mfrom-build-pack[0m and container [32mstep-working-dir-initializer-7cjlc[0m
{"level":"warn","ts":1586294911.728585,"logger":"fallback-logger","caller":"logging/config.go:69","msg":"Fetch GitHub commit ID from kodata failed: open /var/run/ko/HEAD: no such file or directory"}
{"level":"info","ts":1586294911.7303896,"logger":"fallback-logger","caller":"bash/main.go:64","msg":"Successfully executed command \"sh -c mkdir -p /workspace/source\"; output "}

Showing logs for build [32mcb-kubecd-environment-pr-197-9-nnd6v-1[0m stage [32mfrom-build-pack[0m and container [32mstep-place-tools[0m

Showing logs for build [32mcb-kubecd-environment-pr-197-9-nnd6v-1[0m stage [32mfrom-build-pack[0m and container [32mstep-git-source-cb-kubecd-environment-pr-197-9-nnd6v-5v2wl[0m
{"level":"warn","ts":1586294918.0159376,"logger":"fallback-logger","caller":"logging/config.go:69","msg":"Fetch GitHub commit ID from kodata failed: \"ref: refs/heads/0.8.0-**-support-backwards-incompats\" is not a valid GitHub commit ID"}
{"level":"info","ts":1586294919.1860888,"logger":"fallback-logger","caller":"git/git.go:103","msg":"Successfully cloned https://github.com/cb-kubecd/environment-pr-197-9-boot-gke-staging.git @ master in path /workspace/source"}

Showing logs for build [32mcb-kubecd-environment-pr-197-9-nnd6v-1[0m stage [32mfrom-build-pack[0m and container [32mstep-git-merge[0m
Using SHAs from PULL_REFS=master:f36885150c50c7dcb3f94e2728d2304057f26a0e,5:5ec1b992f5d41777b04feeeb28e32944eb2a288d
DEBUG: JX_LOG_LEVEL=error LC_ALL=C git fetch origin --unshallow 5ec1b992f5d41777b04feeeb28e32944eb2a288d: f36885150c50c7dcb3f94e2728d2304057f26a0e:
DEBUG: ran git fetch --unshallow origin 5ec1b992f5d41777b04feeeb28e32944eb2a288d: f36885150c50c7dcb3f94e2728d2304057f26a0e: in 
DEBUG: LC_ALL=C JX_LOG_LEVEL=error git branch
DEBUG: LC_ALL=C JX_LOG_LEVEL=error git checkout master
DEBUG: ran git checkout master in 
DEBUG: JX_LOG_LEVEL=error LC_ALL=C git reset --hard f36885150c50c7dcb3f94e2728d2304057f26a0e
DEBUG: ran git reset --hard f36885150c50c7dcb3f94e2728d2304057f26a0e in 
DEBUG: LC_ALL=C JX_LOG_LEVEL=error git clean -fd .
DEBUG: ran clean --force -d . in 
DEBUG: LC_ALL=C JX_LOG_LEVEL=error git merge 5ec1b992f5d41777b04feeeb28e32944eb2a288d
DEBUG: ran git merge 5ec1b992f5d41777b04feeeb28e32944eb2a288d in 
DEBUG: JX_LOG_LEVEL=error LC_ALL=C git log --format=%H%x1f%an%x1f%ae%x1f%cn%x1f%ce%x1f%s%n%b%x1e f36885150c50c7dcb3f94e2728d2304057f26a0e..HEAD
Merged SHA 5ec1b992f5d41777b04feeeb28e32944eb2a288d with commit message 'chore: Promote bdd-sbhg-import-1586294642 to version 0.0.1' into base branch master

Showing logs for build [32mcb-kubecd-environment-pr-197-9-nnd6v-1[0m stage [32mfrom-build-pack[0m and container [32mstep-build-helm-build[0m
WARNING: No $CHART_REPOSITORY defined so using the default value of: http://jenkins-x-chartmuseum:8080
Adding missing Helm repo: storage.googleapis.com https://storage.googleapis.com/chartmuseum.jenkins-x.io
WARNING: No secrets found on "helm/repos" due: reading the secret "helm/repos" from vault: no secret "helm/repos" not found in vault
Read credentials for https://storage.googleapis.com/chartmuseum.jenkins-x.io from vault helm/repos
Successfully added Helm repository storage.googleapis.com.
Adding missing Helm repo: jenkins-x-chartmuseum http://jenkins-x-chartmuseum:8080
WARNING: No secrets found on "helm/repos" due: reading the secret "helm/repos" from vault: no secret "helm/repos" not found in vault
Read credentials for http://jenkins-x-chartmuseum:8080 from vault helm/repos
Successfully added Helm repository jenkins-x-chartmuseum.
WARNING: No $CHART_REPOSITORY defined so using the default value of: http://jenkins-x-chartmuseum:8080
Adding missing Helm repo: chartmuseum.jenkins-x.io http://chartmuseum.jenkins-x.io
WARNING: No secrets found on "helm/repos" due: reading the secret "helm/repos" from vault: no secret "helm/repos" not found in vault
Read credentials for http://chartmuseum.jenkins-x.io from vault helm/repos
Successfully added Helm repository chartmuseum.jenkins-x.io.
