
Showing logs for build [32mcb-kubecd-environment-pr-197-9-t9qcs-1[0m stage [32mfrom-build-pack[0m and container [32mstep-credential-initializer-krpfq[0m
{"level":"warn","ts":1586293973.4818466,"logger":"fallback-logger","caller":"logging/config.go:69","msg":"Fetch GitHub commit ID from kodata failed: \"ref: refs/heads/0.8.0-**-support-backwards-incompats\" is not a valid GitHub commit ID"}
{"level":"info","ts":1586293973.4824796,"logger":"fallback-logger","caller":"creds-init/main.go:40","msg":"Credentials initialized."}

Showing logs for build [32mcb-kubecd-environment-pr-197-9-t9qcs-1[0m stage [32mfrom-build-pack[0m and container [32mstep-working-dir-initializer-x7qtl[0m
{"level":"warn","ts":1586293973.913087,"logger":"fallback-logger","caller":"logging/config.go:69","msg":"Fetch GitHub commit ID from kodata failed: open /var/run/ko/HEAD: no such file or directory"}
{"level":"info","ts":1586293973.9154367,"logger":"fallback-logger","caller":"bash/main.go:64","msg":"Successfully executed command \"sh -c mkdir -p /workspace/source\"; output "}

Showing logs for build [32mcb-kubecd-environment-pr-197-9-t9qcs-1[0m stage [32mfrom-build-pack[0m and container [32mstep-place-tools[0m

Showing logs for build [32mcb-kubecd-environment-pr-197-9-t9qcs-1[0m stage [32mfrom-build-pack[0m and container [32mstep-git-source-cb-kubecd-environment-pr-197-9-t9qcs-2p7nc[0m
{"level":"warn","ts":1586293980.865227,"logger":"fallback-logger","caller":"logging/config.go:69","msg":"Fetch GitHub commit ID from kodata failed: \"ref: refs/heads/0.8.0-**-support-backwards-incompats\" is not a valid GitHub commit ID"}
{"level":"info","ts":1586293982.1367257,"logger":"fallback-logger","caller":"git/git.go:103","msg":"Successfully cloned https://github.com/cb-kubecd/environment-pr-197-9-boot-gke-staging.git @ master in path /workspace/source"}

Showing logs for build [32mcb-kubecd-environment-pr-197-9-t9qcs-1[0m stage [32mfrom-build-pack[0m and container [32mstep-git-merge[0m
Using SHAs from PULL_REFS=master:4f7c6d8b44be3db0f073e9bb100ed41eff07cea9,4:797c4d0da7ae4d4e95c403fe057956d233ae26bd
DEBUG: LC_ALL=C JX_LOG_LEVEL=error git fetch origin --unshallow 797c4d0da7ae4d4e95c403fe057956d233ae26bd: 4f7c6d8b44be3db0f073e9bb100ed41eff07cea9:
DEBUG: ran git fetch --unshallow origin 797c4d0da7ae4d4e95c403fe057956d233ae26bd: 4f7c6d8b44be3db0f073e9bb100ed41eff07cea9: in 
DEBUG: LC_ALL=C JX_LOG_LEVEL=error git branch
DEBUG: LC_ALL=C JX_LOG_LEVEL=error git checkout master
DEBUG: ran git checkout master in 
DEBUG: LC_ALL=C JX_LOG_LEVEL=error git reset --hard 4f7c6d8b44be3db0f073e9bb100ed41eff07cea9
DEBUG: ran git reset --hard 4f7c6d8b44be3db0f073e9bb100ed41eff07cea9 in 
DEBUG: LC_ALL=C JX_LOG_LEVEL=error git clean -fd .
DEBUG: ran clean --force -d . in 
DEBUG: LC_ALL=C JX_LOG_LEVEL=error git merge 797c4d0da7ae4d4e95c403fe057956d233ae26bd
DEBUG: ran git merge 797c4d0da7ae4d4e95c403fe057956d233ae26bd in 
DEBUG: LC_ALL=C JX_LOG_LEVEL=error git log --format=%H%x1f%an%x1f%ae%x1f%cn%x1f%ce%x1f%s%n%b%x1e 4f7c6d8b44be3db0f073e9bb100ed41eff07cea9..HEAD
Merged SHA 797c4d0da7ae4d4e95c403fe057956d233ae26bd with commit message 'chore: Promote bdd-sbhg-1586292374 to version 0.0.1' into base branch master

Showing logs for build [32mcb-kubecd-environment-pr-197-9-t9qcs-1[0m stage [32mfrom-build-pack[0m and container [32mstep-build-helm-build[0m
WARNING: No $CHART_REPOSITORY defined so using the default value of: http://jenkins-x-chartmuseum:8080
Adding missing Helm repo: storage.googleapis.com https://storage.googleapis.com/chartmuseum.jenkins-x.io
WARNING: No secrets found on "helm/repos" due: reading the secret "helm/repos" from vault: no secret "helm/repos" not found in vault
Read credentials for https://storage.googleapis.com/chartmuseum.jenkins-x.io from vault helm/repos
Successfully added Helm repository storage.googleapis.com.
Adding missing Helm repo: jenkins-x-chartmuseum http://jenkins-x-chartmuseum:8080
WARNING: No secrets found on "helm/repos" due: reading the secret "helm/repos" from vault: no secret "helm/repos" not found in vault
Read credentials for http://jenkins-x-chartmuseum:8080 from vault helm/repos
Successfully added Helm repository jenkins-x-chartmuseum.
WARNING: No $CHART_REPOSITORY defined so using the default value of: http://jenkins-x-chartmuseum:8080
Adding missing Helm repo: chartmuseum.jenkins-x.io http://chartmuseum.jenkins-x.io
WARNING: No secrets found on "helm/repos" due: reading the secret "helm/repos" from vault: no secret "helm/repos" not found in vault
Read credentials for http://chartmuseum.jenkins-x.io from vault helm/repos
Successfully added Helm repository chartmuseum.jenkins-x.io.
